<?xml version="1.0" encoding="UTF-8"?>
<testsuite xmlns:xsi="http://www.w3.org/2001/XMLSchema-instance" xsi:noNamespaceSchemaLocation="https://maven.apache.org/surefire/maven-surefire-plugin/xsd/surefire-test-report-3.0.xsd" version="3.0" name="com.planner.steps.CucumberRunnerTest" time="1.441" tests="20" errors="0" skipped="0" failures="0">
  <properties>
[...]
</properties>
  <testcase name="Create a project" classname="Project planning" time="0.382">
    <system-out><![CDATA[
Scenario: Create a project                                &amp#27;[90m# features/project_planning.feature:6&amp#27;[0m
  &amp#27;[32mGiven &amp#27;[0m&amp#27;[32mthe system has a developer with initials &amp#27;[0m&amp#27;[32m&amp#27;[1m"huba"&amp#27;[0m   &amp#27;[90m# com.planner.steps.StepDefinitions.theSystemHasADeveloperWithInitials(java.lang.String)&amp#27;[0m
  &amp#27;[32mWhen &amp#27;[0m&amp#27;[32ma developer creates a project with name &amp#27;[0m&amp#27;[32m&amp#27;[1m"WebShop"&amp#27;[0m  &amp#27;[90m# com.planner.steps.StepDefinitions.aDeveloperCreatesAProjectWithName(java.lang.String)&amp#27;[0m
  &amp#27;[32mThen &amp#27;[0m&amp#27;[32ma project with name &amp#27;[0m&amp#27;[32m&amp#27;[1m"WebShop"&amp#27;[0m&amp#27;[32m exists in the system&amp#27;[0m &amp#27;[90m# com.planner.steps.StepDefinitions.aProjectWithNameExistsInTheSystem(java.lang.String)&amp#27;[0m
]]></system-out>
  </testcase>
  <testcase name="Create an activity and add it to a project" classname="Project planning" time="0.249">
    <system-out><![CDATA[
Scenario: Create an activity and add it to a project                  &amp#27;[90m# features/project_planning.feature:10&amp#27;[0m
  &amp#27;[32mGiven &amp#27;[0m&amp#27;[32mthe system has a developer with initials &amp#27;[0m&amp#27;[32m&amp#27;[1m"huba"&amp#27;[0m               &amp#27;[90m# com.planner.steps.StepDefinitions.theSystemHasADeveloperWithInitials(java.lang.String)&amp#27;[0m
  &amp#27;[32mGiven &amp#27;[0m&amp#27;[32ma project with name &amp#27;[0m&amp#27;[32m&amp#27;[1m"WebShop"&amp#27;[0m&amp#27;[32m exists&amp#27;[0m                          &amp#27;[90m# com.planner.steps.StepDefinitions.aProjectWithNameExists(java.lang.String)&amp#27;[0m
  &amp#27;[32mWhen &amp#27;[0m&amp#27;[32ma developer creates an activity &amp#27;[0m&amp#27;[32m&amp#27;[1m"Requirements"&amp#27;[0m&amp#27;[32m for the project&amp#27;[0m &amp#27;[90m# com.planner.steps.StepDefinitions.aDeveloperCreatesAnActivity(java.lang.String)&amp#27;[0m
  &amp#27;[32mThen &amp#27;[0m&amp#27;[32mthe project &amp#27;[0m&amp#27;[32m&amp#27;[1m"WebShop"&amp#27;[0m&amp#27;[32m has an activity named &amp#27;[0m&amp#27;[32m&amp#27;[1m"Requirements"&amp#27;[0m     &amp#27;[90m# com.planner.steps.StepDefinitions.theProjectHasAnActivityNamed(java.lang.String,java.lang.String)&amp#27;[0m
]]></system-out>
  </testcase>
  <testcase name="Add a developer to an activity" classname="Project planning" time="0.037">
    <system-out><![CDATA[
Scenario: Add a developer to an activity                        &amp#27;[90m# features/project_planning.feature:15&amp#27;[0m
  &amp#27;[32mGiven &amp#27;[0m&amp#27;[32mthe system has a developer with initials &amp#27;[0m&amp#27;[32m&amp#27;[1m"huba"&amp#27;[0m         &amp#27;[90m# com.planner.steps.StepDefinitions.theSystemHasADeveloperWithInitials(java.lang.String)&amp#27;[0m
  &amp#27;[32mGiven &amp#27;[0m&amp#27;[32ma project with name &amp#27;[0m&amp#27;[32m&amp#27;[1m"WebShop"&amp#27;[0m&amp#27;[32m exists&amp#27;[0m                    &amp#27;[90m# com.planner.steps.StepDefinitions.aProjectWithNameExists(java.lang.String)&amp#27;[0m
  &amp#27;[32mAnd &amp#27;[0m&amp#27;[32mthe project has an activity named &amp#27;[0m&amp#27;[32m&amp#27;[1m"Requirements"&amp#27;[0m          &amp#27;[90m# com.planner.steps.StepDefinitions.theProjectHasAnActivityNamed(java.lang.String)&amp#27;[0m
  &amp#27;[32mWhen &amp#27;[0m&amp#27;[32mdeveloper &amp#27;[0m&amp#27;[32m&amp#27;[1m"huba"&amp#27;[0m&amp#27;[32m is added to the activity &amp#27;[0m&amp#27;[32m&amp#27;[1m"Requirements"&amp#27;[0m &amp#27;[90m# com.planner.steps.StepDefinitions.developerIsAddedToActivity(java.lang.String,java.lang.String)&amp#27;[0m
  &amp#27;[32mThen &amp#27;[0m&amp#27;[32mactivity &amp#27;[0m&amp#27;[32m&amp#27;[1m"Requirements"&amp#27;[0m&amp#27;[32m has developer &amp#27;[0m&amp#27;[32m&amp#27;[1m"huba"&amp#27;[0m&amp#27;[32m assigned&amp#27;[0m    &amp#27;[90m# com.planner.steps.StepDefinitions.activityHasDeveloperAssigned(java.lang.String,java.lang.String)&amp#27;[0m
]]></system-out>
  </testcase>
  <testcase name="Assign a project leader" classname="Project planning" time="0.029">
    <system-out><![CDATA[
Scenario: Assign a project leader                       &amp#27;[90m# features/project_planning.feature:21&amp#27;[0m
  &amp#27;[32mGiven &amp#27;[0m&amp#27;[32mthe system has a developer with initials &amp#27;[0m&amp#27;[32m&amp#27;[1m"huba"&amp#27;[0m &amp#27;[90m# com.planner.steps.StepDefinitions.theSystemHasADeveloperWithInitials(java.lang.String)&amp#27;[0m
  &amp#27;[32mGiven &amp#27;[0m&amp#27;[32ma project with name &amp#27;[0m&amp#27;[32m&amp#27;[1m"WebShop"&amp#27;[0m&amp#27;[32m exists&amp#27;[0m            &amp#27;[90m# com.planner.steps.StepDefinitions.aProjectWithNameExists(java.lang.String)&amp#27;[0m
  &amp#27;[32mWhen &amp#27;[0m&amp#27;[32mdeveloper &amp#27;[0m&amp#27;[32m&amp#27;[1m"huba"&amp#27;[0m&amp#27;[32m is assigned as project leader&amp#27;[0m   &amp#27;[90m# com.planner.steps.StepDefinitions.developerIsAssignedAsProjectLeader(java.lang.String)&amp#27;[0m
  &amp#27;[32mThen &amp#27;[0m&amp#27;[32mthe project leader of &amp#27;[0m&amp#27;[32m&amp#27;[1m"WebShop"&amp#27;[0m&amp#27;[32m is &amp#27;[0m&amp#27;[32m&amp#27;[1m"huba"&amp#27;[0m        &amp#27;[90m# com.planner.steps.StepDefinitions.theProjectLeaderIs(java.lang.String,java.lang.String)&amp#27;[0m
]]></system-out>
  </testcase>
  <testcase name="Register time on an activity" classname="Project planning" time="0.065">
    <system-out><![CDATA[
Scenario: Register time on an activity                                 &amp#27;[90m# features/project_planning.feature:26&amp#27;[0m
  &amp#27;[32mGiven &amp#27;[0m&amp#27;[32mthe system has a developer with initials &amp#27;[0m&amp#27;[32m&amp#27;[1m"huba"&amp#27;[0m                &amp#27;[90m# com.planner.steps.StepDefinitions.theSystemHasADeveloperWithInitials(java.lang.String)&amp#27;[0m
  &amp#27;[32mGiven &amp#27;[0m&amp#27;[32ma project with name &amp#27;[0m&amp#27;[32m&amp#27;[1m"WebShop"&amp#27;[0m&amp#27;[32m exists&amp#27;[0m                           &amp#27;[90m# com.planner.steps.StepDefinitions.aProjectWithNameExists(java.lang.String)&amp#27;[0m
  &amp#27;[32mAnd &amp#27;[0m&amp#27;[32mthe project has an activity named &amp#27;[0m&amp#27;[32m&amp#27;[1m"Requirements"&amp#27;[0m                 &amp#27;[90m# com.planner.steps.StepDefinitions.theProjectHasAnActivityNamed(java.lang.String)&amp#27;[0m
  &amp#27;[32mWhen &amp#27;[0m&amp#27;[32mdeveloper &amp#27;[0m&amp#27;[32m&amp#27;[1m"huba"&amp#27;[0m&amp#27;[32m registers &amp#27;[0m&amp#27;[32m&amp#27;[1m2.5&amp#27;[0m&amp#27;[32m hours on activity &amp#27;[0m&amp#27;[32m&amp#27;[1m"Requirements"&amp#27;[0m &amp#27;[90m# com.planner.steps.StepDefinitions.developerRegistersHoursOnActivity(java.lang.String,double,java.lang.String)&amp#27;[0m
  &amp#27;[32mThen &amp#27;[0m&amp#27;[32mactivity &amp#27;[0m&amp#27;[32m&amp#27;[1m"Requirements"&amp#27;[0m&amp#27;[32m has &amp#27;[0m&amp#27;[32m&amp#27;[1m2.5&amp#27;[0m&amp#27;[32m registered hours&amp#27;[0m                &amp#27;[90m# com.planner.steps.StepDefinitions.activityHasRegisteredHours(java.lang.String,double)&amp#27;[0m
]]></system-out>
  </testcase>
  <testcase name="Generate project report" classname="Project planning" time="0.028">
    <system-out><![CDATA[
Scenario: Generate project report                                                         &amp#27;[90m# features/project_planning.feature:32&amp#27;[0m
  &amp#27;[32mGiven &amp#27;[0m&amp#27;[32mthe system has a developer with initials &amp#27;[0m&amp#27;[32m&amp#27;[1m"huba"&amp#27;[0m                                   &amp#27;[90m# com.planner.steps.StepDefinitions.theSystemHasADeveloperWithInitials(java.lang.String)&amp#27;[0m
  &amp#27;[32mGiven &amp#27;[0m&amp#27;[32ma project with name &amp#27;[0m&amp#27;[32m&amp#27;[1m"WebShop"&amp#27;[0m&amp#27;[32m exists&amp#27;[0m                                              &amp#27;[90m# com.planner.steps.StepDefinitions.aProjectWithNameExists(java.lang.String)&amp#27;[0m
  &amp#27;[32mAnd &amp#27;[0m&amp#27;[32mthe project has an activity &amp#27;[0m&amp#27;[32m&amp#27;[1m"Requirements"&amp#27;[0m&amp#27;[32m with a budget of &amp#27;[0m&amp#27;[32m&amp#27;[1m100.0&amp#27;[0m&amp#27;[32m hours&amp#27;[0m             &amp#27;[90m# com.planner.steps.StepDefinitions.theProjectHasAnActivityWithBudget(java.lang.String,double)&amp#27;[0m
  &amp#27;[32mAnd &amp#27;[0m&amp#27;[32mdeveloper &amp#27;[0m&amp#27;[32m&amp#27;[1m"huba"&amp#27;[0m&amp#27;[32m has registered &amp#27;[0m&amp#27;[32m&amp#27;[1m30.0&amp#27;[0m&amp#27;[32m hours on activity &amp#27;[0m&amp#27;[32m&amp#27;[1m"Requirements"&amp#27;[0m               &amp#27;[90m# com.planner.steps.StepDefinitions.developerHasRegisteredHoursOnActivity(java.lang.String,double,java.lang.String)&amp#27;[0m
  &amp#27;[32mWhen &amp#27;[0m&amp#27;[32ma report is generated for the project&amp#27;[0m                                              &amp#27;[90m# com.planner.steps.StepDefinitions.aReportIsGeneratedForTheProject()&amp#27;[0m
  &amp#27;[32mThen &amp#27;[0m&amp#27;[32mthe report shows &amp#27;[0m&amp#27;[32m&amp#27;[1m100.0&amp#27;[0m&amp#27;[32m budgeted hours and &amp#27;[0m&amp#27;[32m&amp#27;[1m30.0&amp#27;[0m&amp#27;[32m registered hours for &amp#27;[0m&amp#27;[32m&amp#27;[1m"Requirements"&amp#27;[0m &amp#27;[90m# com.planner.steps.StepDefinitions.theReportShowsBudgetedAndRegisteredHours(double,double,java.lang.String)&amp#27;[0m
]]></system-out>
  </testcase>
  <testcase name="Register vacation as a fixed activity" classname="Project planning" time="0.034">
    <system-out><![CDATA[
Scenario: Register vacation as a fixed activity                              &amp#27;[90m# features/project_planning.feature:39&amp#27;[0m
  &amp#27;[32mGiven &amp#27;[0m&amp#27;[32mthe system has a developer with initials &amp#27;[0m&amp#27;[32m&amp#27;[1m"huba"&amp#27;[0m                      &amp#27;[90m# com.planner.steps.StepDefinitions.theSystemHasADeveloperWithInitials(java.lang.String)&amp#27;[0m
  &amp#27;[32mWhen &amp#27;[0m&amp#27;[32mdeveloper &amp#27;[0m&amp#27;[32m&amp#27;[1m"huba"&amp#27;[0m&amp#27;[32m registers vacation from week &amp#27;[0m&amp#27;[32m&amp#27;[1m20&amp#27;[0m&amp#27;[32m &amp#27;[0m&amp#27;[32m&amp#27;[1m2026&amp#27;[0m&amp#27;[32m to week &amp#27;[0m&amp#27;[32m&amp#27;[1m22&amp#27;[0m&amp#27;[32m &amp#27;[0m&amp#27;[32m&amp#27;[1m2026&amp#27;[0m &amp#27;[90m# com.planner.steps.StepDefinitions.developerRegistersVacation(java.lang.String,int,int,int,int)&amp#27;[0m
  &amp#27;[32mThen &amp#27;[0m&amp#27;[32mdeveloper &amp#27;[0m&amp#27;[32m&amp#27;[1m"huba"&amp#27;[0m&amp#27;[32m is busy in week &amp#27;[0m&amp#27;[32m&amp#27;[1m21&amp#27;[0m&amp#27;[32m &amp#27;[0m&amp#27;[32m&amp#27;[1m2026&amp#27;[0m                              &amp#27;[90m# com.planner.steps.StepDefinitions.developerIsBusyInWeek(java.lang.String,int,int)&amp#27;[0m
  &amp#27;[32mAnd &amp#27;[0m&amp#27;[32mdeveloper &amp#27;[0m&amp#27;[32m&amp#27;[1m"huba"&amp#27;[0m&amp#27;[32m is not busy in week &amp#27;[0m&amp#27;[32m&amp#27;[1m19&amp#27;[0m&amp#27;[32m &amp#27;[0m&amp#27;[32m&amp#27;[1m2026&amp#27;[0m                           &amp#27;[90m# com.planner.steps.StepDefinitions.developerIsNotBusyInWeek(java.lang.String,int,int)&amp#27;[0m
]]></system-out>
  </testcase>
  <testcase name="Available developers excludes developers assigned to activities" classname="Project planning" time="0.059">
    <system-out><![CDATA[
Scenario: Available developers excludes developers assigned to activities &amp#27;[90m# features/project_planning.feature:44&amp#27;[0m
  &amp#27;[32mGiven &amp#27;[0m&amp#27;[32mthe system has a developer with initials &amp#27;[0m&amp#27;[32m&amp#27;[1m"huba"&amp#27;[0m                   &amp#27;[90m# com.planner.steps.StepDefinitions.theSystemHasADeveloperWithInitials(java.lang.String)&amp#27;[0m
  &amp#27;[32mGiven &amp#27;[0m&amp#27;[32ma project with name &amp#27;[0m&amp#27;[32m&amp#27;[1m"WebShop"&amp#27;[0m&amp#27;[32m exists&amp#27;[0m                              &amp#27;[90m# com.planner.steps.StepDefinitions.aProjectWithNameExists(java.lang.String)&amp#27;[0m
  &amp#27;[32mAnd &amp#27;[0m&amp#27;[32mthe project has an activity named &amp#27;[0m&amp#27;[32m&amp#27;[1m"Requirements"&amp#27;[0m                    &amp#27;[90m# com.planner.steps.StepDefinitions.theProjectHasAnActivityNamed(java.lang.String)&amp#27;[0m
  &amp#27;[32mAnd &amp#27;[0m&amp#27;[32mthe activity has weeks &amp#27;[0m&amp#27;[32m&amp#27;[1m10&amp#27;[0m&amp#27;[32m &amp#27;[0m&amp#27;[32m&amp#27;[1m2026&amp#27;[0m&amp#27;[32m to &amp#27;[0m&amp#27;[32m&amp#27;[1m12&amp#27;[0m&amp#27;[32m &amp#27;[0m&amp#27;[32m&amp#27;[1m2026&amp#27;[0m                           &amp#27;[90m# com.planner.steps.StepDefinitions.theActivityHasWeeks(int,int,int,int)&amp#27;[0m
  &amp#27;[32mAnd &amp#27;[0m&amp#27;[32mdeveloper &amp#27;[0m&amp#27;[32m&amp#27;[1m"huba"&amp#27;[0m&amp#27;[32m is added to the activity &amp#27;[0m&amp#27;[32m&amp#27;[1m"Requirements"&amp#27;[0m            &amp#27;[90m# com.planner.steps.StepDefinitions.developerIsAddedToActivity(java.lang.String,java.lang.String)&amp#27;[0m
  &amp#27;[32mWhen &amp#27;[0m&amp#27;[32mavailable developers in week &amp#27;[0m&amp#27;[32m&amp#27;[1m11&amp#27;[0m&amp#27;[32m &amp#27;[0m&amp#27;[32m&amp#27;[1m2026&amp#27;[0m&amp#27;[32m are requested&amp#27;[0m                 &amp#27;[90m# com.planner.steps.StepDefinitions.availableDevelopersAreRequested(int,int)&amp#27;[0m
  &amp#27;[32mThen &amp#27;[0m&amp#27;[32mdeveloper &amp#27;[0m&amp#27;[32m&amp#27;[1m"huba"&amp#27;[0m&amp#27;[32m is not in the available list&amp#27;[0m                      &amp#27;[90m# com.planner.steps.StepDefinitions.developerIsNotInAvailableList(java.lang.String)&amp#27;[0m
]]></system-out>
  </testcase>
  <testcase name="Available developers excludes developers on vacation" classname="Project planning" time="0.037">
    <system-out><![CDATA[
Scenario: Available developers excludes developers on vacation               &amp#27;[90m# features/project_planning.feature:52&amp#27;[0m
  &amp#27;[32mGiven &amp#27;[0m&amp#27;[32mthe system has a developer with initials &amp#27;[0m&amp#27;[32m&amp#27;[1m"huba"&amp#27;[0m                      &amp#27;[90m# com.planner.steps.StepDefinitions.theSystemHasADeveloperWithInitials(java.lang.String)&amp#27;[0m
  &amp#27;[32mWhen &amp#27;[0m&amp#27;[32mdeveloper &amp#27;[0m&amp#27;[32m&amp#27;[1m"huba"&amp#27;[0m&amp#27;[32m registers vacation from week &amp#27;[0m&amp#27;[32m&amp#27;[1m10&amp#27;[0m&amp#27;[32m &amp#27;[0m&amp#27;[32m&amp#27;[1m2026&amp#27;[0m&amp#27;[32m to week &amp#27;[0m&amp#27;[32m&amp#27;[1m12&amp#27;[0m&amp#27;[32m &amp#27;[0m&amp#27;[32m&amp#27;[1m2026&amp#27;[0m &amp#27;[90m# com.planner.steps.StepDefinitions.developerRegistersVacation(java.lang.String,int,int,int,int)&amp#27;[0m
  &amp#27;[32mWhen &amp#27;[0m&amp#27;[32mavailable developers in week &amp#27;[0m&amp#27;[32m&amp#27;[1m11&amp#27;[0m&amp#27;[32m &amp#27;[0m&amp#27;[32m&amp#27;[1m2026&amp#27;[0m&amp#27;[32m are requested&amp#27;[0m                    &amp#27;[90m# com.planner.steps.StepDefinitions.availableDevelopersAreRequested(int,int)&amp#27;[0m
  &amp#27;[32mThen &amp#27;[0m&amp#27;[32mdeveloper &amp#27;[0m&amp#27;[32m&amp#27;[1m"huba"&amp#27;[0m&amp#27;[32m is not in the available list&amp#27;[0m                         &amp#27;[90m# com.planner.steps.StepDefinitions.developerIsNotInAvailableList(java.lang.String)&amp#27;[0m
]]></system-out>
  </testcase>
  <testcase name="Set a deadline for a project" classname="Project planning" time="0.017">
    <system-out><![CDATA[
Scenario: Set a deadline for a project                        &amp#27;[90m# features/project_planning.feature:59&amp#27;[0m
  &amp#27;[32mGiven &amp#27;[0m&amp#27;[32mthe system has a developer with initials &amp#27;[0m&amp#27;[32m&amp#27;[1m"huba"&amp#27;[0m       &amp#27;[90m# com.planner.steps.StepDefinitions.theSystemHasADeveloperWithInitials(java.lang.String)&amp#27;[0m
  &amp#27;[32mGiven &amp#27;[0m&amp#27;[32ma project with name &amp#27;[0m&amp#27;[32m&amp#27;[1m"WebShop"&amp#27;[0m&amp#27;[32m exists&amp#27;[0m                  &amp#27;[90m# com.planner.steps.StepDefinitions.aProjectWithNameExists(java.lang.String)&amp#27;[0m
  &amp#27;[32mWhen &amp#27;[0m&amp#27;[32ma deadline is set to week &amp#27;[0m&amp#27;[32m&amp#27;[1m20&amp#27;[0m&amp#27;[32m year &amp#27;[0m&amp#27;[32m&amp#27;[1m2026&amp#27;[0m&amp#27;[32m for the project&amp#27;[0m &amp#27;[90m# com.planner.steps.StepDefinitions.aDeadlineIsSetForTheProject(int,int)&amp#27;[0m
  &amp#27;[32mThen &amp#27;[0m&amp#27;[32mthe project has deadline week &amp#27;[0m&amp#27;[32m&amp#27;[1m20&amp#27;[0m&amp#27;[32m year &amp#27;[0m&amp#27;[32m&amp#27;[1m2026&amp#27;[0m             &amp#27;[90m# com.planner.steps.StepDefinitions.theProjectHasDeadline(int,int)&amp#27;[0m
]]></system-out>
  </testcase>
  <testcase name="Cannot set an invalid deadline week" classname="Project planning" time="0.012">
    <system-out><![CDATA[
Scenario: Cannot set an invalid deadline week                                   &amp#27;[90m# features/project_planning.feature:64&amp#27;[0m
  &amp#27;[32mGiven &amp#27;[0m&amp#27;[32mthe system has a developer with initials &amp#27;[0m&amp#27;[32m&amp#27;[1m"huba"&amp#27;[0m                         &amp#27;[90m# com.planner.steps.StepDefinitions.theSystemHasADeveloperWithInitials(java.lang.String)&amp#27;[0m
  &amp#27;[32mGiven &amp#27;[0m&amp#27;[32ma project with name &amp#27;[0m&amp#27;[32m&amp#27;[1m"WebShop"&amp#27;[0m&amp#27;[32m exists&amp#27;[0m                                    &amp#27;[90m# com.planner.steps.StepDefinitions.aProjectWithNameExists(java.lang.String)&amp#27;[0m
  &amp#27;[32mWhen &amp#27;[0m&amp#27;[32ma deadline is set to week &amp#27;[0m&amp#27;[32m&amp#27;[1m99&amp#27;[0m&amp#27;[32m year &amp#27;[0m&amp#27;[32m&amp#27;[1m2026&amp#27;[0m&amp#27;[32m for the project&amp#27;[0m                   &amp#27;[90m# com.planner.steps.StepDefinitions.aDeadlineIsSetForTheProject(int,int)&amp#27;[0m
  &amp#27;[32mThen &amp#27;[0m&amp#27;[32man error is raised with message &amp#27;[0m&amp#27;[32m&amp#27;[1m"Deadline week must be between 1 and 53"&amp#27;[0m &amp#27;[90m# com.planner.steps.StepDefinitions.anErrorIsRaisedWithMessage(java.lang.String)&amp#27;[0m
]]></system-out>
  </testcase>
  <testcase name="View project progress with registered hours" classname="Project planning" time="0.018">
    <system-out><![CDATA[
Scenario: View project progress with registered hours                  &amp#27;[90m# features/project_planning.feature:71&amp#27;[0m
  &amp#27;[32mGiven &amp#27;[0m&amp#27;[32mthe system has a developer with initials &amp#27;[0m&amp#27;[32m&amp#27;[1m"huba"&amp#27;[0m                &amp#27;[90m# com.planner.steps.StepDefinitions.theSystemHasADeveloperWithInitials(java.lang.String)&amp#27;[0m
  &amp#27;[32mGiven &amp#27;[0m&amp#27;[32ma project with name &amp#27;[0m&amp#27;[32m&amp#27;[1m"WebShop"&amp#27;[0m&amp#27;[32m exists&amp#27;[0m                           &amp#27;[90m# com.planner.steps.StepDefinitions.aProjectWithNameExists(java.lang.String)&amp#27;[0m
  &amp#27;[32mAnd &amp#27;[0m&amp#27;[32mthe project has an activity &amp#27;[0m&amp#27;[32m&amp#27;[1m"Design"&amp#27;[0m&amp#27;[32m with a budget of &amp#27;[0m&amp#27;[32m&amp#27;[1m50.0&amp#27;[0m&amp#27;[32m hours&amp#27;[0m &amp#27;[90m# com.planner.steps.StepDefinitions.theProjectHasAnActivityWithBudget(java.lang.String,double)&amp#27;[0m
  &amp#27;[32mAnd &amp#27;[0m&amp#27;[32mdeveloper &amp#27;[0m&amp#27;[32m&amp#27;[1m"huba"&amp#27;[0m&amp#27;[32m has registered &amp#27;[0m&amp#27;[32m&amp#27;[1m25.0&amp#27;[0m&amp#27;[32m hours on activity &amp#27;[0m&amp#27;[32m&amp#27;[1m"Design"&amp#27;[0m  &amp#27;[90m# com.planner.steps.StepDefinitions.developerHasRegisteredHoursOnActivity(java.lang.String,double,java.lang.String)&amp#27;[0m
  &amp#27;[32mWhen &amp#27;[0m&amp#27;[32mthe project progress is calculated&amp#27;[0m                              &amp#27;[90m# com.planner.steps.StepDefinitions.theProjectProgressIsCalculated()&amp#27;[0m
  &amp#27;[32mThen &amp#27;[0m&amp#27;[32mthe progress is &amp#27;[0m&amp#27;[32m&amp#27;[1m50.0&amp#27;[0m&amp#27;[32m percent&amp#27;[0m                                    &amp#27;[90m# com.planner.steps.StepDefinitions.theProgressIs(double)&amp#27;[0m
]]></system-out>
  </testcase>
  <testcase name="View project progress with no budgeted hours returns zero" classname="Project planning" time="0.018">
    <system-out><![CDATA[
Scenario: View project progress with no budgeted hours returns zero &amp#27;[90m# features/project_planning.feature:78&amp#27;[0m
  &amp#27;[32mGiven &amp#27;[0m&amp#27;[32mthe system has a developer with initials &amp#27;[0m&amp#27;[32m&amp#27;[1m"huba"&amp#27;[0m             &amp#27;[90m# com.planner.steps.StepDefinitions.theSystemHasADeveloperWithInitials(java.lang.String)&amp#27;[0m
  &amp#27;[32mGiven &amp#27;[0m&amp#27;[32ma project with name &amp#27;[0m&amp#27;[32m&amp#27;[1m"EmptyProject"&amp#27;[0m&amp#27;[32m exists&amp#27;[0m                   &amp#27;[90m# com.planner.steps.StepDefinitions.aProjectWithNameExists(java.lang.String)&amp#27;[0m
  &amp#27;[32mWhen &amp#27;[0m&amp#27;[32mthe project progress is calculated&amp#27;[0m                           &amp#27;[90m# com.planner.steps.StepDefinitions.theProjectProgressIsCalculated()&amp#27;[0m
  &amp#27;[32mThen &amp#27;[0m&amp#27;[32mthe progress is &amp#27;[0m&amp#27;[32m&amp#27;[1m0.0&amp#27;[0m&amp#27;[32m percent&amp#27;[0m                                  &amp#27;[90m# com.planner.steps.StepDefinitions.theProgressIs(double)&amp#27;[0m
]]></system-out>
  </testcase>
  <testcase name="Cannot create a project with an empty name" classname="Project planning" time="0.015">
    <system-out><![CDATA[
Scenario: Cannot create a project with an empty name                  &amp#27;[90m# features/project_planning.feature:85&amp#27;[0m
  &amp#27;[32mGiven &amp#27;[0m&amp#27;[32mthe system has a developer with initials &amp#27;[0m&amp#27;[32m&amp#27;[1m"huba"&amp#27;[0m               &amp#27;[90m# com.planner.steps.StepDefinitions.theSystemHasADeveloperWithInitials(java.lang.String)&amp#27;[0m
  &amp#27;[32mWhen &amp#27;[0m&amp#27;[32ma developer tries to create a project with an empty name&amp#27;[0m       &amp#27;[90m# com.planner.steps.StepDefinitions.aDeveloperTriesToCreateProjectWithEmptyName()&amp#27;[0m
  &amp#27;[32mThen &amp#27;[0m&amp#27;[32man error is raised with message &amp#27;[0m&amp#27;[32m&amp#27;[1m"Project name cannot be empty"&amp#27;[0m &amp#27;[90m# com.planner.steps.StepDefinitions.anErrorIsRaisedWithMessage(java.lang.String)&amp#27;[0m
]]></system-out>
  </testcase>
  <testcase name="Cannot create an activity for a non-existent project" classname="Project planning" time="0.012">
    <system-out><![CDATA[
Scenario: Cannot create an activity for a non-existent project              &amp#27;[90m# features/project_planning.feature:89&amp#27;[0m
  &amp#27;[32mGiven &amp#27;[0m&amp#27;[32mthe system has a developer with initials &amp#27;[0m&amp#27;[32m&amp#27;[1m"huba"&amp#27;[0m                     &amp#27;[90m# com.planner.steps.StepDefinitions.theSystemHasADeveloperWithInitials(java.lang.String)&amp#27;[0m
  &amp#27;[32mWhen &amp#27;[0m&amp#27;[32ma developer tries to create an activity &amp#27;[0m&amp#27;[32m&amp#27;[1m"Design"&amp#27;[0m&amp#27;[32m for project &amp#27;[0m&amp#27;[32m&amp#27;[1m"99999"&amp#27;[0m &amp#27;[90m# com.planner.steps.StepDefinitions.aDeveloperTriesToCreateActivityForNonExistentProject(java.lang.String,java.lang.String)&amp#27;[0m
  &amp#27;[32mThen &amp#27;[0m&amp#27;[32man error is raised with message &amp#27;[0m&amp#27;[32m&amp#27;[1m"Project not found: 99999"&amp#27;[0m           &amp#27;[90m# com.planner.steps.StepDefinitions.anErrorIsRaisedWithMessage(java.lang.String)&amp#27;[0m
]]></system-out>
  </testcase>
  <testcase name="Cannot assign a non-existent developer to an activity" classname="Project planning" time="0.012">
    <system-out><![CDATA[
Scenario: Cannot assign a non-existent developer to an activity                    &amp#27;[90m# features/project_planning.feature:93&amp#27;[0m
  &amp#27;[32mGiven &amp#27;[0m&amp#27;[32mthe system has a developer with initials &amp#27;[0m&amp#27;[32m&amp#27;[1m"huba"&amp#27;[0m                            &amp#27;[90m# com.planner.steps.StepDefinitions.theSystemHasADeveloperWithInitials(java.lang.String)&amp#27;[0m
  &amp#27;[32mGiven &amp#27;[0m&amp#27;[32ma project with name &amp#27;[0m&amp#27;[32m&amp#27;[1m"WebShop"&amp#27;[0m&amp#27;[32m exists&amp#27;[0m                                       &amp#27;[90m# com.planner.steps.StepDefinitions.aProjectWithNameExists(java.lang.String)&amp#27;[0m
  &amp#27;[32mAnd &amp#27;[0m&amp#27;[32mthe project has an activity named &amp#27;[0m&amp#27;[32m&amp#27;[1m"Requirements"&amp#27;[0m                             &amp#27;[90m# com.planner.steps.StepDefinitions.theProjectHasAnActivityNamed(java.lang.String)&amp#27;[0m
  &amp#27;[32mWhen &amp#27;[0m&amp#27;[32ma developer tries to add unknown initials &amp#27;[0m&amp#27;[32m&amp#27;[1m"zzzz"&amp#27;[0m&amp#27;[32m to activity &amp#27;[0m&amp#27;[32m&amp#27;[1m"Requirements"&amp#27;[0m &amp#27;[90m# com.planner.steps.StepDefinitions.aDeveloperTriesToAddUnknownDeveloperToActivity(java.lang.String,java.lang.String)&amp#27;[0m
  &amp#27;[32mThen &amp#27;[0m&amp#27;[32man error is raised with message &amp#27;[0m&amp#27;[32m&amp#27;[1m"Developer not found: zzzz"&amp#27;[0m                 &amp#27;[90m# com.planner.steps.StepDefinitions.anErrorIsRaisedWithMessage(java.lang.String)&amp#27;[0m
]]></system-out>
  </testcase>
  <testcase name="Cannot register zero hours on an activity" classname="Project planning" time="0.011">
    <system-out><![CDATA[
Scenario: Cannot register zero hours on an activity                               &amp#27;[90m# features/project_planning.feature:99&amp#27;[0m
  &amp#27;[32mGiven &amp#27;[0m&amp#27;[32mthe system has a developer with initials &amp#27;[0m&amp#27;[32m&amp#27;[1m"huba"&amp#27;[0m                           &amp#27;[90m# com.planner.steps.StepDefinitions.theSystemHasADeveloperWithInitials(java.lang.String)&amp#27;[0m
  &amp#27;[32mGiven &amp#27;[0m&amp#27;[32ma project with name &amp#27;[0m&amp#27;[32m&amp#27;[1m"WebShop"&amp#27;[0m&amp#27;[32m exists&amp#27;[0m                                      &amp#27;[90m# com.planner.steps.StepDefinitions.aProjectWithNameExists(java.lang.String)&amp#27;[0m
  &amp#27;[32mAnd &amp#27;[0m&amp#27;[32mthe project has an activity named &amp#27;[0m&amp#27;[32m&amp#27;[1m"Requirements"&amp#27;[0m                            &amp#27;[90m# com.planner.steps.StepDefinitions.theProjectHasAnActivityNamed(java.lang.String)&amp#27;[0m
  &amp#27;[32mWhen &amp#27;[0m&amp#27;[32mdeveloper &amp#27;[0m&amp#27;[32m&amp#27;[1m"huba"&amp#27;[0m&amp#27;[32m tries to register &amp#27;[0m&amp#27;[32m&amp#27;[1m0.0&amp#27;[0m&amp#27;[32m hours on activity &amp#27;[0m&amp#27;[32m&amp#27;[1m"Requirements"&amp#27;[0m    &amp#27;[90m# com.planner.steps.StepDefinitions.developerTriesToRegisterInvalidHours(java.lang.String,double,java.lang.String)&amp#27;[0m
  &amp#27;[32mThen &amp#27;[0m&amp#27;[32man error is raised with message &amp#27;[0m&amp#27;[32m&amp#27;[1m"Hours must be a positive multiple of 0.5"&amp#27;[0m &amp#27;[90m# com.planner.steps.StepDefinitions.anErrorIsRaisedWithMessage(java.lang.String)&amp#27;[0m
]]></system-out>
  </testcase>
  <testcase name="Cannot register hours not a multiple of 0.5" classname="Project planning" time="0.012">
    <system-out><![CDATA[
Scenario: Cannot register hours not a multiple of 0.5                             &amp#27;[90m# features/project_planning.feature:105&amp#27;[0m
  &amp#27;[32mGiven &amp#27;[0m&amp#27;[32mthe system has a developer with initials &amp#27;[0m&amp#27;[32m&amp#27;[1m"huba"&amp#27;[0m                           &amp#27;[90m# com.planner.steps.StepDefinitions.theSystemHasADeveloperWithInitials(java.lang.String)&amp#27;[0m
  &amp#27;[32mGiven &amp#27;[0m&amp#27;[32ma project with name &amp#27;[0m&amp#27;[32m&amp#27;[1m"WebShop"&amp#27;[0m&amp#27;[32m exists&amp#27;[0m                                      &amp#27;[90m# com.planner.steps.StepDefinitions.aProjectWithNameExists(java.lang.String)&amp#27;[0m
  &amp#27;[32mAnd &amp#27;[0m&amp#27;[32mthe project has an activity named &amp#27;[0m&amp#27;[32m&amp#27;[1m"Requirements"&amp#27;[0m                            &amp#27;[90m# com.planner.steps.StepDefinitions.theProjectHasAnActivityNamed(java.lang.String)&amp#27;[0m
  &amp#27;[32mWhen &amp#27;[0m&amp#27;[32mdeveloper &amp#27;[0m&amp#27;[32m&amp#27;[1m"huba"&amp#27;[0m&amp#27;[32m tries to register &amp#27;[0m&amp#27;[32m&amp#27;[1m1.3&amp#27;[0m&amp#27;[32m hours on activity &amp#27;[0m&amp#27;[32m&amp#27;[1m"Requirements"&amp#27;[0m    &amp#27;[90m# com.planner.steps.StepDefinitions.developerTriesToRegisterInvalidHours(java.lang.String,double,java.lang.String)&amp#27;[0m
  &amp#27;[32mThen &amp#27;[0m&amp#27;[32man error is raised with message &amp#27;[0m&amp#27;[32m&amp#27;[1m"Hours must be a positive multiple of 0.5"&amp#27;[0m &amp#27;[90m# com.planner.steps.StepDefinitions.anErrorIsRaisedWithMessage(java.lang.String)&amp#27;[0m
]]></system-out>
  </testcase>
  <testcase name="Cannot assign a non-existent developer as project leader" classname="Project planning" time="0.021">
    <system-out><![CDATA[
Scenario: Cannot assign a non-existent developer as project leader           &amp#27;[90m# features/project_planning.feature:111&amp#27;[0m
  &amp#27;[32mGiven &amp#27;[0m&amp#27;[32mthe system has a developer with initials &amp#27;[0m&amp#27;[32m&amp#27;[1m"huba"&amp#27;[0m                      &amp#27;[90m# com.planner.steps.StepDefinitions.theSystemHasADeveloperWithInitials(java.lang.String)&amp#27;[0m
  &amp#27;[32mGiven &amp#27;[0m&amp#27;[32ma project with name &amp#27;[0m&amp#27;[32m&amp#27;[1m"WebShop"&amp#27;[0m&amp#27;[32m exists&amp#27;[0m                                 &amp#27;[90m# com.planner.steps.StepDefinitions.aProjectWithNameExists(java.lang.String)&amp#27;[0m
  &amp#27;[32mWhen &amp#27;[0m&amp#27;[32ma developer tries to assign unknown initials &amp#27;[0m&amp#27;[32m&amp#27;[1m"zzzz"&amp#27;[0m&amp#27;[32m as project leader&amp#27;[0m &amp#27;[90m# com.planner.steps.StepDefinitions.aDeveloperTriesToAssignUnknownProjectLeader(java.lang.String)&amp#27;[0m
  &amp#27;[32mThen &amp#27;[0m&amp#27;[32man error is raised with message &amp#27;[0m&amp#27;[32m&amp#27;[1m"Developer not found: zzzz"&amp#27;[0m           &amp#27;[90m# com.planner.steps.StepDefinitions.anErrorIsRaisedWithMessage(java.lang.String)&amp#27;[0m
]]></system-out>
  </testcase>
  <testcase name="View project status with no activities shows zero hours" classname="Project planning" time="0.017">
    <system-out><![CDATA[
Scenario: View project status with no activities shows zero hours          &amp#27;[90m# features/project_planning.feature:116&amp#27;[0m
  &amp#27;[32mGiven &amp#27;[0m&amp#27;[32mthe system has a developer with initials &amp#27;[0m&amp#27;[32m&amp#27;[1m"huba"&amp#27;[0m                    &amp#27;[90m# com.planner.steps.StepDefinitions.theSystemHasADeveloperWithInitials(java.lang.String)&amp#27;[0m
  &amp#27;[32mGiven &amp#27;[0m&amp#27;[32ma project with name &amp#27;[0m&amp#27;[32m&amp#27;[1m"EmptyProject"&amp#27;[0m&amp#27;[32m exists&amp#27;[0m                          &amp#27;[90m# com.planner.steps.StepDefinitions.aProjectWithNameExists(java.lang.String)&amp#27;[0m
  &amp#27;[32mWhen &amp#27;[0m&amp#27;[32ma report is generated for the project&amp#27;[0m                               &amp#27;[90m# com.planner.steps.StepDefinitions.aReportIsGeneratedForTheProject()&amp#27;[0m
  &amp#27;[32mThen &amp#27;[0m&amp#27;[32mthe total budgeted hours are &amp#27;[0m&amp#27;[32m&amp#27;[1m0.0&amp#27;[0m&amp#27;[32m and total registered hours are &amp#27;[0m&amp#27;[32m&amp#27;[1m0.0&amp#27;[0m &amp#27;[90m# com.planner.steps.StepDefinitions.theTotalHoursAre(double,double)&amp#27;[0m
]]></system-out>
  </testcase>
</testsuite>